2012/06/07 14:57:59 [error] [system.db.CDbCommand] CDbCommand::fetchAll() failed: SQLSTATE[42000]: Syntax error or access violation: 1064 You have an error in your SQL syntax; check the manual that corresponds to your MySQL server version for the right syntax to use near '"no parent"' at line 1. The SQL statement executed was: SELECT * FROM `tbl_category` `t` WHERE parent NOT "no parent".
in C:\Programmering\xampp\htdocs\blog\protected\views\howto\_form.php (59)
in C:\Programmering\xampp\htdocs\blog\protected\views\howto\create.php (4)
in C:\Programmering\xampp\htdocs\blog\protected\controllers\HowtoController.php (251)
2012/06/07 14:57:59 [error] [exception.CDbException] exception 'CDbException' with message 'CDbCommand failed to execute the SQL statement: SQLSTATE[42000]: Syntax error or access violation: 1064 You have an error in your SQL syntax; check the manual that corresponds to your MySQL server version for the right syntax to use near '"no parent"' at line 1. The SQL statement executed was: SELECT * FROM `tbl_category` `t` WHERE parent NOT "no parent"' in C:\Programmering\xampp\htdocs\yii\framework\db\CDbCommand.php:528
Stack trace:
#0 C:\Programmering\xampp\htdocs\yii\framework\db\CDbCommand.php(390): CDbCommand->queryInternal('fetchAll', Array, Array)
#1 C:\Programmering\xampp\htdocs\yii\framework\db\ar\CActiveRecord.php(1287): CDbCommand->queryAll()
#2 C:\Programmering\xampp\htdocs\yii\framework\db\ar\CActiveRecord.php(1406): CActiveRecord->query(Object(CDbCriteria), true)
#3 C:\Programmering\xampp\htdocs\blog\protected\views\howto\_form.php(59): CActiveRecord->findAll('parent NOT "no ...')
#4 C:\Programmering\xampp\htdocs\yii\framework\web\CBaseController.php(127): require('C:\Programmerin...')
#5 C:\Programmering\xampp\htdocs\yii\framework\web\CBaseController.php(96): CBaseController->renderInternal('C:\Programmerin...', Array, true)
#6 C:\Programmering\xampp\htdocs\yii\framework\web\CController.php(870): CBaseController->renderFile('C:\Programmerin...', Array, true)
#7 C:\Programmering\xampp\htdocs\blog\protected\views\howto\create.php(4): CController->renderPartial('_form', Array)
#8 C:\Programmering\xampp\htdocs\yii\framework\web\CBaseController.php(127): require('C:\Programmerin...')
#9 C:\Programmering\xampp\htdocs\yii\framework\web\CBaseController.php(96): CBaseController->renderInternal('C:\Programmerin...', Array, true)
#10 C:\Programmering\xampp\htdocs\yii\framework\web\CController.php(870): CBaseController->renderFile('C:\Programmerin...', Array, true)
#11 C:\Programmering\xampp\htdocs\yii\framework\web\CController.php(783): CController->renderPartial('create', Array, true)
#12 C:\Programmering\xampp\htdocs\blog\protected\controllers\HowtoController.php(251): CController->render('create', Array)
#13 C:\Programmering\xampp\htdocs\yii\framework\web\actions\CInlineAction.php(50): HowtoController->actionCreate()
#14 C:\Programmering\xampp\htdocs\yii\framework\web\CController.php(309): CInlineAction->runWithParams(Array)
#15 C:\Programmering\xampp\htdocs\yii\framework\web\filters\CFilterChain.php(134): CController->runAction(Object(CInlineAction))
#16 C:\Programmering\xampp\htdocs\yii\framework\web\filters\CFilter.php(41): CFilterChain->run()
#17 C:\Programmering\xampp\htdocs\blog\protected\modules\rights\components\RController.php(51): CFilter->filter(Object(CFilterChain))
#18 C:\Programmering\xampp\htdocs\yii\framework\web\filters\CInlineFilter.php(59): RController->filterRights(Object(CFilterChain))
#19 C:\Programmering\xampp\htdocs\yii\framework\web\filters\CFilterChain.php(131): CInlineFilter->filter(Object(CFilterChain))
#20 C:\Programmering\xampp\htdocs\yii\framework\web\CController.php(292): CFilterChain->run()
#21 C:\Programmering\xampp\htdocs\yii\framework\web\CController.php(266): CController->runActionWithFilters(Object(CInlineAction), Array)
#22 C:\Programmering\xampp\htdocs\yii\framework\web\CWebApplication.php(276): CController->run('create')
#23 C:\Programmering\xampp\htdocs\yii\framework\web\CWebApplication.php(135): CWebApplication->runController('howto/create')
#24 C:\Programmering\xampp\htdocs\yii\framework\base\CApplication.php(162): CWebApplication->processRequest()
#25 C:\Programmering\xampp\htdocs\blog\index.php(13): CApplication->run()
#26 {main}
REQUEST_URI=/howto/create
HTTP_REFERER=http://83.233.118.50/index.php
---
2012/06/07 14:58:22 [error] [system.db.CDbCommand] CDbCommand::fetchAll() failed: SQLSTATE[42000]: Syntax error or access violation: 1064 You have an error in your SQL syntax; check the manual that corresponds to your MySQL server version for the right syntax to use near 'no parent' at line 1. The SQL statement executed was: SELECT * FROM `tbl_category` `t` WHERE parent NOT no parent.
in C:\Programmering\xampp\htdocs\blog\protected\views\howto\_form.php (59)
in C:\Programmering\xampp\htdocs\blog\protected\views\howto\create.php (4)
in C:\Programmering\xampp\htdocs\blog\protected\controllers\HowtoController.php (251)
2012/06/07 14:58:22 [error] [exception.CDbException] exception 'CDbException' with message 'CDbCommand failed to execute the SQL statement: SQLSTATE[42000]: Syntax error or access violation: 1064 You have an error in your SQL syntax; check the manual that corresponds to your MySQL server version for the right syntax to use near 'no parent' at line 1. The SQL statement executed was: SELECT * FROM `tbl_category` `t` WHERE parent NOT no parent' in C:\Programmering\xampp\htdocs\yii\framework\db\CDbCommand.php:528
Stack trace:
#0 C:\Programmering\xampp\htdocs\yii\framework\db\CDbCommand.php(390): CDbCommand->queryInternal('fetchAll', Array, Array)
#1 C:\Programmering\xampp\htdocs\yii\framework\db\ar\CActiveRecord.php(1287): CDbCommand->queryAll()
#2 C:\Programmering\xampp\htdocs\yii\framework\db\ar\CActiveRecord.php(1406): CActiveRecord->query(Object(CDbCriteria), true)
#3 C:\Programmering\xampp\htdocs\blog\protected\views\howto\_form.php(59): CActiveRecord->findAll('parent NOT no p...')
#4 C:\Programmering\xampp\htdocs\yii\framework\web\CBaseController.php(127): require('C:\Programmerin...')
#5 C:\Programmering\xampp\htdocs\yii\framework\web\CBaseController.php(96): CBaseController->renderInternal('C:\Programmerin...', Array, true)
#6 C:\Programmering\xampp\htdocs\yii\framework\web\CController.php(870): CBaseController->renderFile('C:\Programmerin...', Array, true)
#7 C:\Programmering\xampp\htdocs\blog\protected\views\howto\create.php(4): CController->renderPartial('_form', Array)
#8 C:\Programmering\xampp\htdocs\yii\framework\web\CBaseController.php(127): require('C:\Programmerin...')
#9 C:\Programmering\xampp\htdocs\yii\framework\web\CBaseController.php(96): CBaseController->renderInternal('C:\Programmerin...', Array, true)
#10 C:\Programmering\xampp\htdocs\yii\framework\web\CController.php(870): CBaseController->renderFile('C:\Programmerin...', Array, true)
#11 C:\Programmering\xampp\htdocs\yii\framework\web\CController.php(783): CController->renderPartial('create', Array, true)
#12 C:\Programmering\xampp\htdocs\blog\protected\controllers\HowtoController.php(251): CController->render('create', Array)
#13 C:\Programmering\xampp\htdocs\yii\framework\web\actions\CInlineAction.php(50): HowtoController->actionCreate()
#14 C:\Programmering\xampp\htdocs\yii\framework\web\CController.php(309): CInlineAction->runWithParams(Array)
#15 C:\Programmering\xampp\htdocs\yii\framework\web\filters\CFilterChain.php(134): CController->runAction(Object(CInlineAction))
#16 C:\Programmering\xampp\htdocs\yii\framework\web\filters\CFilter.php(41): CFilterChain->run()
#17 C:\Programmering\xampp\htdocs\blog\protected\modules\rights\components\RController.php(51): CFilter->filter(Object(CFilterChain))
#18 C:\Programmering\xampp\htdocs\yii\framework\web\filters\CInlineFilter.php(59): RController->filterRights(Object(CFilterChain))
#19 C:\Programmering\xampp\htdocs\yii\framework\web\filters\CFilterChain.php(131): CInlineFilter->filter(Object(CFilterChain))
#20 C:\Programmering\xampp\htdocs\yii\framework\web\CController.php(292): CFilterChain->run()
#21 C:\Programmering\xampp\htdocs\yii\framework\web\CController.php(266): CController->runActionWithFilters(Object(CInlineAction), Array)
#22 C:\Programmering\xampp\htdocs\yii\framework\web\CWebApplication.php(276): CController->run('create')
#23 C:\Programmering\xampp\htdocs\yii\framework\web\CWebApplication.php(135): CWebApplication->runController('howto/create')
#24 C:\Programmering\xampp\htdocs\yii\framework\base\CApplication.php(162): CWebApplication->processRequest()
#25 C:\Programmering\xampp\htdocs\blog\index.php(13): CApplication->run()
#26 {main}
REQUEST_URI=/howto/create
HTTP_REFERER=http://83.233.118.50/index.php
---
